Fri, 25 Sep 2015 06:22:11 GMT GET /auth/login 500 {} {}
Fri, 25 Sep 2015 06:22:11 GMT GET /auth/login 500 {} {}
Fri, 25 Sep 2015 07:24:37 GMT GET / 500 {} {}
Fri, 25 Sep 2015 07:24:37 GMT GET /favicon.ico 500 {} {}
Fri, 25 Sep 2015 07:24:38 GMT GET / 500 {} {}
Fri, 25 Sep 2015 07:24:38 GMT GET /favicon.ico 500 {} {}
Fri, 25 Sep 2015 17:12:15 GMT GET / 500 {} {}
Fri, 25 Sep 2015 17:12:15 GMT GET /favicon.ico 500 {} {}
Fri, 25 Sep 2015 17:12:16 GMT GET / 500 {} {}
Fri, 25 Sep 2015 17:12:16 GMT GET /favicon.ico 500 {} {}
Fri, 25 Sep 2015 17:12:41 GMT GET / 500 {} {}
Fri, 25 Sep 2015 17:12:41 GMT GET /favicon.ico 500 {} {}
Fri, 25 Sep 2015 17:13:19 GMT GET / 500 {} {}
Fri, 25 Sep 2015 17:13:19 GMT GET /favicon.ico 500 {} {}
Fri, 25 Sep 2015 17:13:20 GMT GET / 500 {} {}
Fri, 25 Sep 2015 17:13:20 GMT GET /favicon.ico 500 {} {}
Fri, 25 Sep 2015 17:15:53 GMT GET / 500 {} {}
Fri, 25 Sep 2015 17:15:53 GMT GET /favicon.ico 500 {} {}
Fri, 25 Sep 2015 17:15:54 GMT GET / 500 {} {}
Fri, 25 Sep 2015 17:15:54 GMT GET /favicon.ico 500 {} {}
Fri, 25 Sep 2015 17:24:41 GMT GET / 500 {} {}
Fri, 25 Sep 2015 17:24:41 GMT GET /favicon.ico 500 {} {}
Fri, 25 Sep 2015 17:24:41 GMT GET / 500 {} {}
Fri, 25 Sep 2015 17:24:41 GMT GET /favicon.ico 500 {} {}
Fri, 25 Sep 2015 18:01:03 GMT POST /api/users/register 403 {} {"first_name":"Alan","last_name":"Yu","email":"alan@gmail.com","password":"1234"}
Sat, 26 Sep 2015 03:48:04 GMT GET /blog/lol 500 {} {}
Sat, 26 Sep 2015 03:48:05 GMT GET /blog/lol 500 {} {}
Sat, 26 Sep 2015 03:59:12 GMT GET /blog/lol 500 {} {}
Sat, 26 Sep 2015 03:59:13 GMT GET /blog/lol 500 {} {}
Sat, 26 Sep 2015 04:00:03 GMT GET /blog/lol 500 {} {}
Sat, 26 Sep 2015 04:00:04 GMT GET /blog/lol 500 {} {}
Sat, 26 Sep 2015 04:00:33 GMT GET /blog/lol 500 {} {}
Sat, 26 Sep 2015 04:00:34 GMT GET /blog/lol 500 {} {}
Sat, 26 Sep 2015 04:01:03 GMT GET /blog/lol 500 {} {}
Sat, 26 Sep 2015 04:01:04 GMT GET /blog/lol 500 {} {}
Sat, 26 Sep 2015 04:01:04 GMT GET /blog/lol 500 {} {}
Sat, 26 Sep 2015 04:01:28 GMT GET /blog/lol 500 {} {}
Sat, 26 Sep 2015 04:01:28 GMT GET /blog/lol 500 {} {}
Sat, 26 Sep 2015 04:01:58 GMT GET /blog/lol 500 {} {}
Sat, 26 Sep 2015 04:01:59 GMT GET /blog/lol 500 {} {}
Sat, 26 Sep 2015 04:01:59 GMT GET /blog/lol 500 {} {}
Sat, 26 Sep 2015 04:02:00 GMT GET /blog/lol 500 {} {}
Sat, 26 Sep 2015 04:03:10 GMT GET /blog/lol 500 {} {}
Sat, 26 Sep 2015 04:03:11 GMT GET /blog/lol 500 {} {}
Sat, 26 Sep 2015 04:03:27 GMT GET /blog/lol 500 {} {}
Sat, 26 Sep 2015 04:03:28 GMT GET /blog/lol 500 {} {}
Sat, 26 Sep 2015 04:06:38 GMT GET /blog/lol 500 {} {}
Sat, 26 Sep 2015 04:06:38 GMT GET /blog/lol 500 {} {}
Sat, 26 Sep 2015 04:08:01 GMT GET /blog/lol 500 {} {}
Sat, 26 Sep 2015 04:09:11 GMT GET /blog/lol 500 {} {}
Sat, 26 Sep 2015 04:09:12 GMT GET /blog/lol 500 {} {}
Sat, 26 Sep 2015 04:09:13 GMT GET /blog/lol 500 {} {}
Sat, 26 Sep 2015 06:23:40 GMT GET /blog/lol 500 {} {}
Sat, 26 Sep 2015 06:23:41 GMT GET /blog/lol 500 {} {}
Sat, 26 Sep 2015 06:23:42 GMT GET /blog/lol 500 {} {}
Sat, 26 Sep 2015 06:24:55 GMT GET /blog/lol 500 {} {}
Sat, 26 Sep 2015 06:24:56 GMT GET /blog/lol 500 {} {}
Sat, 26 Sep 2015 06:24:57 GMT GET /blog/lol 500 {} {}
Sat, 26 Sep 2015 06:24:57 GMT GET /blog/lol 500 {} {}
Sun, 27 Sep 2015 05:40:24 GMT GET /blog/AlanYu 500 {} {}
Sun, 27 Sep 2015 05:40:25 GMT GET /blog/AlanYu 500 {} {}
Sun, 27 Sep 2015 05:43:37 GMT GET /blog/AlanYu 500 {} {}
Sun, 27 Sep 2015 05:43:39 GMT GET /blog/AlanYu 500 {} {}
Sun, 27 Sep 2015 05:56:34 GMT GET /blog/AlanYu 500 {} {}
Sun, 27 Sep 2015 05:56:35 GMT GET /blog/AlanYu 500 {} {}
Sun, 27 Sep 2015 09:05:47 GMT POST /api/users/register 403 {} {"first_name":"Joey","last_name":"Lee","username":"joey","email":"jayd005@gmail.com","password":"testing"}
Sun, 27 Sep 2015 09:06:47 GMT POST /api/users/register 403 {} {"first_name":"Joey","last_name":"Lee","username":"joey","email":"foo@bar.com","password":"testing","mobile":{"country_code":"+61","number":"412345678"}}
Sun, 27 Sep 2015 09:06:56 GMT POST /api/users/register 500 {} {"first_name":"Joey","last_name":"Lee","username":"joey","email":"bar@bar.com","password":"testing","mobile":{"country_code":"+61","number":"412345678"}}
Sun, 27 Sep 2015 09:07:11 GMT POST /api/users/register 500 {} {"first_name":"Joey","last_name":"Lee","username":"joey","email":"bar@bar.com","password":"testing","mobile":{"country_code":"+61","number":"412345678"}}
Sun, 27 Sep 2015 09:07:31 GMT POST /api/users/register 500 {} {"first_name":"Joey","last_name":"Lee","username":"barbar","email":"bar@bar.com","password":"testing","mobile":{"country_code":"+61","number":"412345678"}}
Sun, 27 Sep 2015 09:07:43 GMT POST /api/users/register 500 {} {"first_name":"Joey","last_name":"Lee","username":"barbar","email":"peanut@pea.com","password":"testing","mobile":{"country_code":"+61","number":"412345678"}}
Sun, 27 Sep 2015 09:08:40 GMT POST /api/users/register 500 {} {"first_name":"Joey","last_name":"Lee","username":"barbar","email":"peanut@pea.com","password":"testing","mobile":{"country_code":"+61","number":"412345678"}}
Sun, 27 Sep 2015 09:19:06 GMT POST /api/users/register 403 {} {"first_name":"Foo","last_name":"Bar","username":"foobar","email":"foo@bar.com","password":"foobar","mobile":{"country_code":"+61","number":"412345678"}}
Sun, 27 Sep 2015 09:24:17 GMT POST /api/users/login 403 {} {"email":"foo@bar.com","password":"foobarr"}
Sun, 27 Sep 2015 09:25:34 GMT POST /api/users/login 401 {} {"email":"foo@bar.com","password":"foobarr"}
Sun, 27 Sep 2015 09:34:52 GMT POST /api/blogs 500 {} {"title":"The FOO","name":"foosblog","users":["5607b3a5f545476ede5acfb0"]}
Sun, 27 Sep 2015 09:37:48 GMT POST /api/blogs 500 {} {"title":"The FOO","name":"foosblog","users":["5607b3a5f545476ede5acfb0"]}
Sun, 27 Sep 2015 09:38:31 GMT POST /api/blogs 500 {} {"title":"The FOO","name":"foosblog","users":["5607b3a5f545476ede5acfb0"]}
Sun, 27 Sep 2015 09:46:24 GMT GET /testlol 500 {} {}
Sun, 27 Sep 2015 10:01:25 GMT POST /api/blogs 403 {"user":{"_id":"5607b3a5f545476ede5acfb0","__v":0,"blogs":[],"mobile":{"number":"412345678","country_code":"+61"},"password":"$2a$10$dXu12S81orHbMZjM7oojmu1uitHScXajjJMPH72tuHikVojgnxZ5i","email":"foo@bar.com","username":"foobar","last_name":"Bar","first_name":"Foo","mobile_no":"+61412345678","id":"5607b3a5f545476ede5acfb0","iat":1443345843}} {"title":"The FOO","name":"foosblog","users":["5607b3a5f545476ede5acfb0"]}
Sun, 27 Sep 2015 10:03:47 GMT POST /api/blogs 403 {"user":{"_id":"5607b3a5f545476ede5acfb0","__v":0,"blogs":[],"mobile":{"number":"412345678","country_code":"+61"},"password":"$2a$10$dXu12S81orHbMZjM7oojmu1uitHScXajjJMPH72tuHikVojgnxZ5i","email":"foo@bar.com","username":"foobar","last_name":"Bar","first_name":"Foo","mobile_no":"+61412345678","id":"5607b3a5f545476ede5acfb0","iat":1443345843}} {"title":"The FOO","name":"foosblogg","users":["5607b3a5f545476ede5acfb0"]}
Sun, 27 Sep 2015 10:05:47 GMT POST /api/blogs 403 {"user":{"_id":"5607b3a5f545476ede5acfb0","__v":0,"blogs":[],"mobile":{"number":"412345678","country_code":"+61"},"password":"$2a$10$dXu12S81orHbMZjM7oojmu1uitHScXajjJMPH72tuHikVojgnxZ5i","email":"foo@bar.com","username":"foobar","last_name":"Bar","first_name":"Foo","mobile_no":"+61412345678","id":"5607b3a5f545476ede5acfb0","iat":1443345843}} {"title":"The FOO","name":"foosbloggg"}
Sun, 27 Sep 2015 10:08:33 GMT GET /testlol 500 {} {}
Sun, 27 Sep 2015 10:14:14 GMT POST /api/blogs 403 {"user":{"_id":"5607b3a5f545476ede5acfb0","__v":0,"blogs":[],"mobile":{"number":"412345678","country_code":"+61"},"password":"$2a$10$dXu12S81orHbMZjM7oojmu1uitHScXajjJMPH72tuHikVojgnxZ5i","email":"foo@bar.com","username":"foobar","last_name":"Bar","first_name":"Foo","mobile_no":"+61412345678","id":"5607b3a5f545476ede5acfb0","iat":1443345843}} {"title":"The FOO","name":"barssblog"}
